This is pdfTeX, Version 3.14159265-2.6-1.40.17 (TeX Live 2016) (preloaded format=pdflatex 2016.9.5)  21 NOV 2017 23:24
entering extended mode
 restricted \write18 enabled.
 %&-line parsing enabled.
**milestone.tex
(./milestone.tex
LaTeX2e <2016/03/31>
Babel <3.9r> and hyphenation patterns for 83 language(s) loaded.
(/usr/local/texlive/2016/texmf-dist/tex/latex/base/article.cls
Document Class: article 2014/09/29 v1.4h Standard LaTeX document class
(/usr/local/texlive/2016/texmf-dist/tex/latex/base/size10.clo
File: size10.clo 2014/09/29 v1.4h Standard LaTeX file (size option)
)
\c@part=\count79
\c@section=\count80
\c@subsection=\count81
\c@subsubsection=\count82
\c@paragraph=\count83
\c@subparagraph=\count84
\c@figure=\count85
\c@table=\count86
\abovecaptionskip=\skip41
\belowcaptionskip=\skip42
\bibindent=\dimen102
) (./cvpr.sty
(./eso-pic.sty
Package: eso-pic 2002/11/16 v1.1b eso-pic (RN)
 (./cvpr_eso.sty

LaTeX Warning: You have requested package `eso-pic',
               but the package provides `everyshi'.

Package: everyshi 2001/05/15 v3.00 EveryShipout Package (MS)
) (/usr/local/texlive/2016/texmf-dist/tex/latex/graphics/keyval.sty
Package: keyval 2014/10/28 v1.15 key=value parser (DPC)
\KV@toks@=\toks14
))
(/usr/local/texlive/2016/texmf-dist/tex/latex/tools/xspace.sty
Package: xspace 2014/10/28 v1.13 Space after command names (DPC,MH)
)
CVPR 8.5 x 11-Inch Proceedings Style `cvpr.sty'.
\@ctmp=\skip43
\@figindent=\skip44
\cvprrulerbox=\box26
\cvprrulercount=\count87
\cvprruleroffset=\dimen103
\cv@lineheight=\dimen104
\cv@boxheight=\dimen105
\cv@tmpbox=\box27
\cv@refno=\count88
\cv@tot=\count89
\cv@tmpc@=\count90
\cv@tmpc=\count91
) (/usr/local/texlive/2016/texmf-dist/tex/latex/psnfss/times.sty
Package: times 2005/04/12 PSNFSS-v9.2a (SPQR) 
)
(/usr/local/texlive/2016/texmf-dist/tex/latex/graphics/epsfig.sty
Package: epsfig 1999/02/16 v1.7a (e)psfig emulation (SPQR)

(/usr/local/texlive/2016/texmf-dist/tex/latex/graphics/graphicx.sty
Package: graphicx 2014/10/28 v1.0g Enhanced LaTeX Graphics (DPC,SPQR)

(/usr/local/texlive/2016/texmf-dist/tex/latex/graphics/graphics.sty
Package: graphics 2016/05/09 v1.0r Standard LaTeX Graphics (DPC,SPQR)

(/usr/local/texlive/2016/texmf-dist/tex/latex/graphics/trig.sty
Package: trig 2016/01/03 v1.10 sin cos tan (DPC)
)
(/usr/local/texlive/2016/texmf-dist/tex/latex/graphics-cfg/graphics.cfg
File: graphics.cfg 2016/01/02 v1.10 sample graphics configuration
)
Package graphics Info: Driver file: pdftex.def on input line 96.

(/usr/local/texlive/2016/texmf-dist/tex/latex/pdftex-def/pdftex.def
File: pdftex.def 2011/05/27 v0.06d Graphics/color for pdfTeX

(/usr/local/texlive/2016/texmf-dist/tex/generic/oberdiek/infwarerr.sty
Package: infwarerr 2016/05/16 v1.4 Providing info/warning/error messages (HO)
)
(/usr/local/texlive/2016/texmf-dist/tex/generic/oberdiek/ltxcmds.sty
Package: ltxcmds 2016/05/16 v1.23 LaTeX kernel commands for general use (HO)
)
\Gread@gobject=\count92
))
\Gin@req@height=\dimen106
\Gin@req@width=\dimen107
)
\epsfxsize=\dimen108
\epsfysize=\dimen109
)
(/usr/local/texlive/2016/texmf-dist/tex/latex/amsmath/amsmath.sty
Package: amsmath 2016/03/10 v2.15b AMS math features
\@mathmargin=\skip45

For additional information on amsmath, use the `?' option.
(/usr/local/texlive/2016/texmf-dist/tex/latex/amsmath/amstext.sty
Package: amstext 2000/06/29 v2.01 AMS text

(/usr/local/texlive/2016/texmf-dist/tex/latex/amsmath/amsgen.sty
File: amsgen.sty 1999/11/30 v2.0 generic functions
\@emptytoks=\toks15
\ex@=\dimen110
))
(/usr/local/texlive/2016/texmf-dist/tex/latex/amsmath/amsbsy.sty
Package: amsbsy 1999/11/29 v1.2d Bold Symbols
\pmbraise@=\dimen111
)
(/usr/local/texlive/2016/texmf-dist/tex/latex/amsmath/amsopn.sty
Package: amsopn 2016/03/08 v2.02 operator names
)
\inf@bad=\count93
LaTeX Info: Redefining \frac on input line 199.
\uproot@=\count94
\leftroot@=\count95
LaTeX Info: Redefining \overline on input line 297.
\classnum@=\count96
\DOTSCASE@=\count97
LaTeX Info: Redefining \ldots on input line 394.
LaTeX Info: Redefining \dots on input line 397.
LaTeX Info: Redefining \cdots on input line 518.
\Mathstrutbox@=\box28
\strutbox@=\box29
\big@size=\dimen112
LaTeX Font Info:    Redeclaring font encoding OML on input line 634.
LaTeX Font Info:    Redeclaring font encoding OMS on input line 635.
\macc@depth=\count98
\c@MaxMatrixCols=\count99
\dotsspace@=\muskip10
\c@parentequation=\count100
\dspbrk@lvl=\count101
\tag@help=\toks16
\row@=\count102
\column@=\count103
\maxfields@=\count104
\andhelp@=\toks17
\eqnshift@=\dimen113
\alignsep@=\dimen114
\tagshift@=\dimen115
\tagwidth@=\dimen116
\totwidth@=\dimen117
\lineht@=\dimen118
\@envbody=\toks18
\multlinegap=\skip46
\multlinetaggap=\skip47
\mathdisplay@stack=\toks19
LaTeX Info: Redefining \[ on input line 2739.
LaTeX Info: Redefining \] on input line 2740.
)
(/usr/local/texlive/2016/texmf-dist/tex/latex/amsfonts/amssymb.sty
Package: amssymb 2013/01/14 v3.01 AMS font symbols

(/usr/local/texlive/2016/texmf-dist/tex/latex/amsfonts/amsfonts.sty
Package: amsfonts 2013/01/14 v3.01 Basic AMSFonts support
\symAMSa=\mathgroup4
\symAMSb=\mathgroup5
LaTeX Font Info:    Overwriting math alphabet `\mathfrak' in version `bold'
(Font)                  U/euf/m/n --> U/euf/b/n on input line 106.
))
(/usr/local/texlive/2016/texmf-dist/tex/latex/algorithms/algorithm.sty
Package: algorithm 2009/08/24 v0.1 Document Style `algorithm' - floating enviro
nment

(/usr/local/texlive/2016/texmf-dist/tex/latex/float/float.sty
Package: float 2001/11/08 v1.3d Float enhancements (AL)
\c@float@type=\count105
\float@exts=\toks20
\float@box=\box30
\@float@everytoks=\toks21
\@floatcapt=\box31
)
(/usr/local/texlive/2016/texmf-dist/tex/latex/base/ifthen.sty
Package: ifthen 2014/09/29 v1.1c Standard LaTeX ifthen package (DPC)
)
\@float@every@algorithm=\toks22
\c@algorithm=\count106
)
(/usr/local/texlive/2016/texmf-dist/tex/latex/algorithmicx/algorithmicx.sty
Package: algorithmicx 2005/04/27 v1.2 Algorithmicx

Document Style algorithmicx 1.2 - a greatly improved `algorithmic' style
\c@ALG@line=\count107
\c@ALG@rem=\count108
\c@ALG@nested=\count109
\ALG@tlm=\skip48
\ALG@thistlm=\skip49
\c@ALG@Lnr=\count110
\c@ALG@blocknr=\count111
\c@ALG@storecount=\count112
\c@ALG@tmpcounter=\count113
\ALG@tmplength=\skip50
) (/usr/local/texlive/2016/texmf-dist/tex/latex/algorithmicx/algpseudocode.sty
Package: algpseudocode 

Document Style - pseudocode environments for use with the `algorithmicx' style
) (/usr/local/texlive/2016/texmf-dist/tex/latex/subfig/subfig.sty
Package: subfig 2005/06/28 ver: 1.3 subfig package

(/usr/local/texlive/2016/texmf-dist/tex/latex/caption/caption.sty
Package: caption 2016/02/21 v3.3-144 Customizing captions (AR)

(/usr/local/texlive/2016/texmf-dist/tex/latex/caption/caption3.sty
Package: caption3 2016/02/04 v1.7-139 caption3 kernel (AR)
Package caption3 Info: TeX engine: e-TeX on input line 67.
\captionmargin=\dimen119
\captionmargin@=\dimen120
\captionwidth=\dimen121
\caption@tempdima=\dimen122
\caption@indent=\dimen123
\caption@parindent=\dimen124
\caption@hangindent=\dimen125
Package caption Info: Unknown document class (or package),
(caption)             standard defaults will be used.
)

Package caption Warning: Unsupported document class (or package) detected,
(caption)                usage of the caption package is not recommended.
See the caption package documentation for explanation.

Package caption Info: \@makecaption = \long macro:#1#2-> \setbox \@tempboxa \hb
ox {\small \noindent #1.~#2} \setlength {\@ctmp }{\hsize } \addtolength {\@ctmp
 }{-\@figindent }\addtolength {\@ctmp }{-\@figindent } \ifdim \wd \@tempboxa >\
@ctmp {\small #1.~#2\par } \else \hbox to\hsize {\hfil \box \@tempboxa \hfil } 
\fi .
\c@ContinuedFloat=\count114
Package caption Info: float package is loaded.
)
\c@KVtest=\count115
\sf@farskip=\skip51
\sf@captopadj=\dimen126
\sf@capskip=\skip52
\sf@nearskip=\skip53
\c@subfigure=\count116
\c@subfigure@save=\count117
\c@lofdepth=\count118
\c@subtable=\count119
\c@subtable@save=\count120
\c@lotdepth=\count121
\sf@top=\skip54
\sf@bottom=\skip55
) (/usr/local/texlive/2016/texmf-dist/tex/latex/hyperref/hyperref.sty
Package: hyperref 2016/05/05 v6.83n Hypertext links for LaTeX

(/usr/local/texlive/2016/texmf-dist/tex/generic/oberdiek/hobsub-hyperref.sty
Package: hobsub-hyperref 2016/05/16 v1.14 Bundle oberdiek, subset hyperref (HO)


(/usr/local/texlive/2016/texmf-dist/tex/generic/oberdiek/hobsub-generic.sty
Package: hobsub-generic 2016/05/16 v1.14 Bundle oberdiek, subset generic (HO)
Package: hobsub 2016/05/16 v1.14 Construct package bundles (HO)
Package hobsub Info: Skipping package `infwarerr' (already loaded).
Package hobsub Info: Skipping package `ltxcmds' (already loaded).
Package: ifluatex 2016/05/16 v1.4 Provides the ifluatex switch (HO)
Package ifluatex Info: LuaTeX not detected.
Package: ifvtex 2016/05/16 v1.6 Detect VTeX and its facilities (HO)
Package ifvtex Info: VTeX not detected.
Package: intcalc 2016/05/16 v1.2 Expandable calculations with integers (HO)
Package: ifpdf 2016/05/14 v3.1 Provides the ifpdf switch
Package: etexcmds 2016/05/16 v1.6 Avoid name clashes with e-TeX commands (HO)
Package etexcmds Info: Could not find \expanded.
(etexcmds)             That can mean that you are not using pdfTeX 1.50 or
(etexcmds)             that some package has redefined \expanded.
(etexcmds)             In the latter case, load this package earlier.
Package: kvsetkeys 2016/05/16 v1.17 Key value parser (HO)
Package: kvdefinekeys 2016/05/16 v1.4 Define keys (HO)
Package: pdftexcmds 2016/05/10 v0.21 Utility functions of pdfTeX for LuaTeX (HO
)
Package pdftexcmds Info: LuaTeX not detected.
Package pdftexcmds Info: \pdf@primitive is available.
Package pdftexcmds Info: \pdf@ifprimitive is available.
Package pdftexcmds Info: \pdfdraftmode found.
Package: pdfescape 2016/05/16 v1.14 Implements pdfTeX's escape features (HO)
Package: bigintcalc 2016/05/16 v1.4 Expandable calculations on big integers (HO
)
Package: bitset 2016/05/16 v1.2 Handle bit-vector datatype (HO)
Package: uniquecounter 2016/05/16 v1.3 Provide unlimited unique counter (HO)
)
Package hobsub Info: Skipping package `hobsub' (already loaded).
Package: letltxmacro 2016/05/16 v1.5 Let assignment for LaTeX macros (HO)
Package: hopatch 2016/05/16 v1.3 Wrapper for package hooks (HO)
Package: xcolor-patch 2016/05/16 xcolor patch
Package: atveryend 2016/05/16 v1.9 Hooks at the very end of document (HO)
Package atveryend Info: \enddocument detected (standard20110627).
Package: atbegshi 2016/05/16 v1.17 At begin shipout hook (HO)
Package: refcount 2016/05/16 v3.5 Data extraction from label references (HO)
Package: hycolor 2016/05/16 v1.8 Color options for hyperref/bookmark (HO)
)
(/usr/local/texlive/2016/texmf-dist/tex/generic/ifxetex/ifxetex.sty
Package: ifxetex 2010/09/12 v0.6 Provides ifxetex conditional
)
(/usr/local/texlive/2016/texmf-dist/tex/latex/oberdiek/auxhook.sty
Package: auxhook 2016/05/16 v1.4 Hooks for auxiliary files (HO)
)
(/usr/local/texlive/2016/texmf-dist/tex/latex/oberdiek/kvoptions.sty
Package: kvoptions 2016/05/16 v3.12 Key value format for package options (HO)
)
\@linkdim=\dimen127
\Hy@linkcounter=\count122
\Hy@pagecounter=\count123

(/usr/local/texlive/2016/texmf-dist/tex/latex/hyperref/pd1enc.def
File: pd1enc.def 2016/05/05 v6.83n Hyperref: PDFDocEncoding definition (HO)
)
\Hy@SavedSpaceFactor=\count124

(/usr/local/texlive/2016/texmf-dist/tex/latex/latexconfig/hyperref.cfg
File: hyperref.cfg 2002/06/06 v1.2 hyperref configuration of TeXLive
)
Package hyperref Info: Option `breaklinks' set `true' on input line 4322.
Package hyperref Info: Option `bookmarks' set `false' on input line 4322.
Package hyperref Info: Hyper figures OFF on input line 4446.
Package hyperref Info: Link nesting OFF on input line 4451.
Package hyperref Info: Hyper index ON on input line 4454.
Package hyperref Info: Plain pages OFF on input line 4461.
Package hyperref Info: Backreferencing OFF on input line 4466.
Package hyperref Info: Implicit mode ON; LaTeX internals redefined.
Package hyperref Info: Bookmarks OFF on input line 4697.
\c@Hy@tempcnt=\count125

(/usr/local/texlive/2016/texmf-dist/tex/latex/url/url.sty
\Urlmuskip=\muskip11
Package: url 2013/09/16  ver 3.4  Verb mode for urls, etc.
)
LaTeX Info: Redefining \url on input line 5044.
\XeTeXLinkMargin=\dimen128
\Fld@menulength=\count126
\Field@Width=\dimen129
\Fld@charsize=\dimen130
Package hyperref Info: Hyper figures OFF on input line 6298.
Package hyperref Info: Link nesting OFF on input line 6303.
Package hyperref Info: Hyper index ON on input line 6306.
Package hyperref Info: backreferencing OFF on input line 6313.
Package hyperref Info: Link coloring OFF on input line 6318.
Package hyperref Info: Link coloring with OCG OFF on input line 6323.
Package hyperref Info: PDF/A mode OFF on input line 6328.
LaTeX Info: Redefining \ref on input line 6368.
LaTeX Info: Redefining \pageref on input line 6372.
\Hy@abspage=\count127
\c@Item=\count128
\c@Hfootnote=\count129
)

Package hyperref Message: Driver (autodetected): hpdftex.

(/usr/local/texlive/2016/texmf-dist/tex/latex/hyperref/hpdftex.def
File: hpdftex.def 2016/05/05 v6.83n Hyperref driver for pdfTeX
\Fld@listcount=\count130
\c@bookmark@seq@number=\count131

(/usr/local/texlive/2016/texmf-dist/tex/latex/oberdiek/rerunfilecheck.sty
Package: rerunfilecheck 2016/05/16 v1.8 Rerun checks for auxiliary files (HO)
Package uniquecounter Info: New unique counter `rerunfilecheck' on input line 2
82.
)
\Hy@SectionHShift=\skip56
)
(./milestone.aux)
\openout1 = `milestone.aux'.

LaTeX Font Info:    Checking defaults for OML/cmm/m/it on input line 30.
LaTeX Font Info:    ... okay on input line 30.
LaTeX Font Info:    Checking defaults for T1/cmr/m/n on input line 30.
LaTeX Font Info:    ... okay on input line 30.
LaTeX Font Info:    Checking defaults for OT1/cmr/m/n on input line 30.
LaTeX Font Info:    ... okay on input line 30.
LaTeX Font Info:    Checking defaults for OMS/cmsy/m/n on input line 30.
LaTeX Font Info:    ... okay on input line 30.
LaTeX Font Info:    Checking defaults for OMX/cmex/m/n on input line 30.
LaTeX Font Info:    ... okay on input line 30.
LaTeX Font Info:    Checking defaults for U/cmr/m/n on input line 30.
LaTeX Font Info:    ... okay on input line 30.
LaTeX Font Info:    Checking defaults for PD1/pdf/m/n on input line 30.
LaTeX Font Info:    ... okay on input line 30.
LaTeX Font Info:    Try loading font information for OT1+ptm on input line 30.

(/usr/local/texlive/2016/texmf-dist/tex/latex/psnfss/ot1ptm.fd
File: ot1ptm.fd 2001/06/04 font definitions for OT1/ptm.
)
ABD: EveryShipout initializing macros
(/usr/local/texlive/2016/texmf-dist/tex/latex/graphics/color.sty
Package: color 2016/05/09 v1.1c Standard LaTeX Color (DPC)

(/usr/local/texlive/2016/texmf-dist/tex/latex/graphics-cfg/color.cfg
File: color.cfg 2016/01/02 v1.6 sample color configuration
)
Package color Info: Driver file: pdftex.def on input line 144.
)
(/usr/local/texlive/2016/texmf-dist/tex/context/base/mkii/supp-pdf.mkii
[Loading MPS to PDF converter (version 2006.09.02).]
\scratchcounter=\count132
\scratchdimen=\dimen131
\scratchbox=\box32
\nofMPsegments=\count133
\nofMParguments=\count134
\everyMPshowfont=\toks23
\MPscratchCnt=\count135
\MPscratchDim=\dimen132
\MPnumerator=\count136
\makeMPintoPDFobject=\count137
\everyMPtoPDFconversion=\toks24
) (/usr/local/texlive/2016/texmf-dist/tex/latex/oberdiek/epstopdf-base.sty
Package: epstopdf-base 2016/05/15 v2.6 Base part for package epstopdf

(/usr/local/texlive/2016/texmf-dist/tex/latex/oberdiek/grfext.sty
Package: grfext 2016/05/16 v1.2 Manage graphics extensions (HO)
)
Package grfext Info: Graphics extension search list:
(grfext)             [.png,.pdf,.jpg,.mps,.jpeg,.jbig2,.jb2,.PNG,.PDF,.JPG,.JPE
G,.JBIG2,.JB2,.eps]
(grfext)             \AppendGraphicsExtensions on input line 456.

(/usr/local/texlive/2016/texmf-dist/tex/latex/latexconfig/epstopdf-sys.cfg
File: epstopdf-sys.cfg 2010/07/13 v1.3 Configuration of (r)epstopdf for TeX Liv
e
))
Package caption Info: Begin \AtBeginDocument code.
Package caption Info: subfig package v1.3 is loaded.
Package caption Info: hyperref package is loaded.
Package caption Info: End \AtBeginDocument code.
\AtBeginShipoutBox=\box33
Package atbegshi Info: Package `everyshi' patched.
Package hyperref Info: Link coloring OFF on input line 30.

(/usr/local/texlive/2016/texmf-dist/tex/latex/hyperref/nameref.sty
Package: nameref 2012/10/27 v2.43 Cross-referencing by name of section

(/usr/local/texlive/2016/texmf-dist/tex/generic/oberdiek/gettitlestring.sty
Package: gettitlestring 2016/05/16 v1.5 Cleanup title references (HO)
)
\c@section@level=\count138
)
LaTeX Info: Redefining \ref on input line 30.
LaTeX Info: Redefining \pageref on input line 30.
LaTeX Info: Redefining \nameref on input line 30.
LaTeX Font Info:    Font shape `OT1/ptm/bx/n' in size <14.4> not available
(Font)              Font shape `OT1/ptm/b/n' tried instead on input line 42.
LaTeX Font Info:    Try loading font information for U+msa on input line 42.

(/usr/local/texlive/2016/texmf-dist/tex/latex/amsfonts/umsa.fd
File: umsa.fd 2013/01/14 v3.01 AMS symbols A
)
LaTeX Font Info:    Try loading font information for U+msb on input line 42.

(/usr/local/texlive/2016/texmf-dist/tex/latex/amsfonts/umsb.fd
File: umsb.fd 2013/01/14 v3.01 AMS symbols B
)
LaTeX Font Info:    Try loading font information for OT1+pcr on input line 42.

(/usr/local/texlive/2016/texmf-dist/tex/latex/psnfss/ot1pcr.fd
File: ot1pcr.fd 2001/06/04 font definitions for OT1/pcr.
)
LaTeX Font Info:    Font shape `OT1/ptm/bx/n' in size <12> not available
(Font)              Font shape `OT1/ptm/b/n' tried instead on input line 44.

Underfull \hbox (badness 1048) in paragraph at lines 57--58
[]\OT1/ptm/m/n/10 This project aims to learn more about the fea-tures
 []

Package hyperref Info: bookmark level for unknown algorithm defaults to 0 on in
put line 68.
LaTeX Font Info:    Font shape `OT1/ptm/bx/n' in size <10> not available
(Font)              Font shape `OT1/ptm/b/n' tried instead on input line 68.

Underfull \vbox (badness 1048) has occurred while \output is active []

 [4321{/usr/local/texlive/2016/texmf-var/fonts/map/pdftex/updmap/pdftex.map}


]
<images/1-fc-mnist/loss_curve.png, id=25, 433.62pt x 289.08pt>
File: images/1-fc-mnist/loss_curve.png Graphic file (type png)

<use images/1-fc-mnist/loss_curve.png>
Package pdftex.def Info: images/1-fc-mnist/loss_curve.png used on input line 12
1.
(pdftex.def)             Requested size: 130.087pt x 86.72466pt.

<images/1-fc-mnist/train_val_acc.png, id=27, 433.62pt x 289.08pt>
File: images/1-fc-mnist/train_val_acc.png Graphic file (type png)

<use images/1-fc-mnist/train_val_acc.png>
Package pdftex.def Info: images/1-fc-mnist/train_val_acc.png used on input line
 123.
(pdftex.def)             Requested size: 130.087pt x 86.72466pt.

Overfull \hbox (28.03807pt too wide) in paragraph at lines 121--124
 [][][][] 
 []

<images/1-fc-mnist/filter-13.png, id=29, 433.62pt x 289.08pt>
File: images/1-fc-mnist/filter-13.png Graphic file (type png)

<use images/1-fc-mnist/filter-13.png>
Package pdftex.def Info: images/1-fc-mnist/filter-13.png used on input line 139
.
(pdftex.def)             Requested size: 85.35826pt x 56.90189pt.

<images/1-fc-mnist/filter-81.png, id=30, 433.62pt x 289.08pt>
File: images/1-fc-mnist/filter-81.png Graphic file (type png)

<use images/1-fc-mnist/filter-81.png>
Package pdftex.def Info: images/1-fc-mnist/filter-81.png used on input line 141
.
(pdftex.def)             Requested size: 85.35826pt x 56.90189pt.

<images/1-fc-mnist/filter-82.png, id=31, 433.62pt x 289.08pt>
File: images/1-fc-mnist/filter-82.png Graphic file (type png)

<use images/1-fc-mnist/filter-82.png>
Package pdftex.def Info: images/1-fc-mnist/filter-82.png used on input line 143
.
(pdftex.def)             Requested size: 85.35826pt x 56.90189pt.

Overfull \hbox (26.43884pt too wide) in paragraph at lines 139--144
 [][][][][][] 
 []

<images/1-fc-mnist/filter-162.png, id=32, 433.62pt x 289.08pt>
File: images/1-fc-mnist/filter-162.png Graphic file (type png)

<use images/1-fc-mnist/filter-162.png>
Package pdftex.def Info: images/1-fc-mnist/filter-162.png used on input line 14
7.
(pdftex.def)             Requested size: 85.35826pt x 56.90189pt.

<images/1-fc-mnist/filter-240.png, id=33, 433.62pt x 289.08pt>
File: images/1-fc-mnist/filter-240.png Graphic file (type png)

<use images/1-fc-mnist/filter-240.png>
Package pdftex.def Info: images/1-fc-mnist/filter-240.png used on input line 14
9.
(pdftex.def)             Requested size: 85.35826pt x 56.90189pt.

<images/1-fc-mnist/filter-248.png, id=34, 433.62pt x 289.08pt>
File: images/1-fc-mnist/filter-248.png Graphic file (type png)

<use images/1-fc-mnist/filter-248.png>
Package pdftex.def Info: images/1-fc-mnist/filter-248.png used on input line 15
1.
(pdftex.def)             Requested size: 85.35826pt x 56.90189pt.

Overfull \hbox (26.43884pt too wide) in paragraph at lines 147--152
 [][][][][][] 
 []

<images/1-fc-mnist/tsne_fc4_output.png, id=39, 1445.4pt x 1445.4pt>
File: images/1-fc-mnist/tsne_fc4_output.png Graphic file (type png)

<use images/1-fc-mnist/tsne_fc4_output.png>
Package pdftex.def Info: images/1-fc-mnist/tsne_fc4_output.png used on input li
ne 166.
(pdftex.def)             Requested size: 216.80064pt x 216.80064pt.

<images/1-fc-mnist/pca_fc4_output.png, id=40, 1445.4pt x 1445.4pt>
File: images/1-fc-mnist/pca_fc4_output.png Graphic file (type png)

<use images/1-fc-mnist/pca_fc4_output.png>
Package pdftex.def Info: images/1-fc-mnist/pca_fc4_output.png used on input lin
e 173.
(pdftex.def)             Requested size: 216.80064pt x 216.80064pt.
 [4322 <./images/1-fc-mnist/loss_curve.png> <./images/1-fc-mnist/train_val_acc.
png> <./images/1-fc-mnist/filter-13.png> <./images/1-fc-mnist/filter-81.png> <.
/images/1-fc-mnist/filter-82.png> <./images/1-fc-mnist/filter-162.png> <./image
s/1-fc-mnist/filter-240.png> <./images/1-fc-mnist/filter-248.png>]
<images/1-fc-mnist/bn4/9/min/2.png, id=85, 433.62pt x 289.08pt>
File: images/1-fc-mnist/bn4/9/min/2.png Graphic file (type png)

<use images/1-fc-mnist/bn4/9/min/2.png>
Package pdftex.def Info: images/1-fc-mnist/bn4/9/min/2.png used on input line 1
88.
(pdftex.def)             Requested size: 28.45274pt x 18.96729pt.

<images/1-fc-mnist/bn4/9/min/1.png, id=86, 433.62pt x 289.08pt>
File: images/1-fc-mnist/bn4/9/min/1.png Graphic file (type png)

<use images/1-fc-mnist/bn4/9/min/1.png>
Package pdftex.def Info: images/1-fc-mnist/bn4/9/min/1.png used on input line 1
89.
(pdftex.def)             Requested size: 28.45274pt x 18.96729pt.

<images/1-fc-mnist/bn4/9/min/0.png, id=87, 433.62pt x 289.08pt>
File: images/1-fc-mnist/bn4/9/min/0.png Graphic file (type png)

<use images/1-fc-mnist/bn4/9/min/0.png>
Package pdftex.def Info: images/1-fc-mnist/bn4/9/min/0.png used on input line 1
90.
(pdftex.def)             Requested size: 28.45274pt x 18.96729pt.

<images/1-fc-mnist/bn4/9/max/0.png, id=88, 433.62pt x 289.08pt>
File: images/1-fc-mnist/bn4/9/max/0.png Graphic file (type png)

<use images/1-fc-mnist/bn4/9/max/0.png>
Package pdftex.def Info: images/1-fc-mnist/bn4/9/max/0.png used on input line 1
92.
(pdftex.def)             Requested size: 28.45274pt x 18.96729pt.

<images/1-fc-mnist/bn4/9/max/1.png, id=89, 433.62pt x 289.08pt>
File: images/1-fc-mnist/bn4/9/max/1.png Graphic file (type png)

<use images/1-fc-mnist/bn4/9/max/1.png>
Package pdftex.def Info: images/1-fc-mnist/bn4/9/max/1.png used on input line 1
93.
(pdftex.def)             Requested size: 28.45274pt x 18.96729pt.

<images/1-fc-mnist/bn4/9/max/2.png, id=90, 433.62pt x 289.08pt>
File: images/1-fc-mnist/bn4/9/max/2.png Graphic file (type png)

<use images/1-fc-mnist/bn4/9/max/2.png>
Package pdftex.def Info: images/1-fc-mnist/bn4/9/max/2.png used on input line 1
94.
(pdftex.def)             Requested size: 28.45274pt x 18.96729pt.

<images/1-fc-mnist/bn4/226/min/2.png, id=91, 433.62pt x 289.08pt>
File: images/1-fc-mnist/bn4/226/min/2.png Graphic file (type png)

<use images/1-fc-mnist/bn4/226/min/2.png>
Package pdftex.def Info: images/1-fc-mnist/bn4/226/min/2.png used on input line
 197.
(pdftex.def)             Requested size: 28.45274pt x 18.96729pt.

<images/1-fc-mnist/bn4/226/min/1.png, id=92, 433.62pt x 289.08pt>
File: images/1-fc-mnist/bn4/226/min/1.png Graphic file (type png)

<use images/1-fc-mnist/bn4/226/min/1.png>
Package pdftex.def Info: images/1-fc-mnist/bn4/226/min/1.png used on input line
 198.
(pdftex.def)             Requested size: 28.45274pt x 18.96729pt.

<images/1-fc-mnist/bn4/226/min/0.png, id=93, 433.62pt x 289.08pt>
File: images/1-fc-mnist/bn4/226/min/0.png Graphic file (type png)

<use images/1-fc-mnist/bn4/226/min/0.png>
Package pdftex.def Info: images/1-fc-mnist/bn4/226/min/0.png used on input line
 199.
(pdftex.def)             Requested size: 28.45274pt x 18.96729pt.

<images/1-fc-mnist/bn4/226/max/0.png, id=94, 433.62pt x 289.08pt>
File: images/1-fc-mnist/bn4/226/max/0.png Graphic file (type png)

<use images/1-fc-mnist/bn4/226/max/0.png>
Package pdftex.def Info: images/1-fc-mnist/bn4/226/max/0.png used on input line
 201.
(pdftex.def)             Requested size: 28.45274pt x 18.96729pt.

<images/1-fc-mnist/bn4/226/max/1.png, id=95, 433.62pt x 289.08pt>
File: images/1-fc-mnist/bn4/226/max/1.png Graphic file (type png)

<use images/1-fc-mnist/bn4/226/max/1.png>
Package pdftex.def Info: images/1-fc-mnist/bn4/226/max/1.png used on input line
 202.
(pdftex.def)             Requested size: 28.45274pt x 18.96729pt.

<images/1-fc-mnist/bn4/226/max/2.png, id=96, 433.62pt x 289.08pt>
File: images/1-fc-mnist/bn4/226/max/2.png Graphic file (type png)

<use images/1-fc-mnist/bn4/226/max/2.png>
Package pdftex.def Info: images/1-fc-mnist/bn4/226/max/2.png used on input line
 203.
(pdftex.def)             Requested size: 28.45274pt x 18.96729pt.

<images/1-fc-mnist/bn3/210/min/2.png, id=97, 433.62pt x 289.08pt>
File: images/1-fc-mnist/bn3/210/min/2.png Graphic file (type png)

<use images/1-fc-mnist/bn3/210/min/2.png>
Package pdftex.def Info: images/1-fc-mnist/bn3/210/min/2.png used on input line
 206.
(pdftex.def)             Requested size: 28.45274pt x 18.96729pt.

<images/1-fc-mnist/bn3/210/min/1.png, id=98, 433.62pt x 289.08pt>
File: images/1-fc-mnist/bn3/210/min/1.png Graphic file (type png)

<use images/1-fc-mnist/bn3/210/min/1.png>
Package pdftex.def Info: images/1-fc-mnist/bn3/210/min/1.png used on input line
 207.
(pdftex.def)             Requested size: 28.45274pt x 18.96729pt.

<images/1-fc-mnist/bn3/210/min/0.png, id=99, 433.62pt x 289.08pt>
File: images/1-fc-mnist/bn3/210/min/0.png Graphic file (type png)

<use images/1-fc-mnist/bn3/210/min/0.png>
Package pdftex.def Info: images/1-fc-mnist/bn3/210/min/0.png used on input line
 208.
(pdftex.def)             Requested size: 28.45274pt x 18.96729pt.

<images/1-fc-mnist/bn3/210/max/0.png, id=100, 433.62pt x 289.08pt>
File: images/1-fc-mnist/bn3/210/max/0.png Graphic file (type png)

<use images/1-fc-mnist/bn3/210/max/0.png>
Package pdftex.def Info: images/1-fc-mnist/bn3/210/max/0.png used on input line
 210.
(pdftex.def)             Requested size: 28.45274pt x 18.96729pt.

<images/1-fc-mnist/bn3/210/max/1.png, id=101, 433.62pt x 289.08pt>
File: images/1-fc-mnist/bn3/210/max/1.png Graphic file (type png)

<use images/1-fc-mnist/bn3/210/max/1.png>
Package pdftex.def Info: images/1-fc-mnist/bn3/210/max/1.png used on input line
 211.
(pdftex.def)             Requested size: 28.45274pt x 18.96729pt.

<images/1-fc-mnist/bn3/210/max/2.png, id=102, 433.62pt x 289.08pt>
File: images/1-fc-mnist/bn3/210/max/2.png Graphic file (type png)

<use images/1-fc-mnist/bn3/210/max/2.png>
Package pdftex.def Info: images/1-fc-mnist/bn3/210/max/2.png used on input line
 212.
(pdftex.def)             Requested size: 28.45274pt x 18.96729pt.

Overfull \hbox (29.4313pt too wide) detected at line 227
[]\OML/cmm/m/it/10 ^^R \OMS/cmsy/m/n/10   \OML/cmm/m/it/10 ^^R \OMS/cmsy/m/n/10
 ^^@ \OML/cmm/m/it/10 ^^L [] [][]L[]\OT1/cmr/m/n/10 (\OML/cmm/m/it/10 f[]\OT1/c
mr/m/n/10 ) \OMS/cmsy/m/n/10 ^^@ \OML/cmm/m/it/10 []L[]\OT1/cmr/m/n/10 (\OML/c
mm/m/it/10 f[]\OT1/cmr/m/n/10 )[]\OML/cmm/m/it/10 L[]\OT1/cmr/m/n/10 (\OML/cmm/
m/it/10 f[]\OT1/cmr/m/n/10 )[]
 []


Overfull \hbox (57.68974pt too wide) detected at line 234
[][]\OML/cmm/m/it/10 L[]\OT1/cmr/m/n/10 (\OML/cmm/m/it/10 f[]\OT1/cmr/m/n/10 )[
]\OML/cmm/m/it/10 L[]\OT1/cmr/m/n/10 (\OML/cmm/m/it/10 f[]\OT1/cmr/m/n/10 ) = [
]
 []

(./milestone.bbl [4323 <./images/1-fc-mnist/tsne_fc4_output.png> <./images/1-fc
-mnist/pca_fc4_output.png> <./images/1-fc-mnist/bn4/9/min/2.png> <./images/1-fc
-mnist/bn4/9/min/1.png> <./images/1-fc-mnist/bn4/9/min/0.png> <./images/1-fc-mn
ist/bn4/9/max/0.png> <./images/1-fc-mnist/bn4/9/max/1.png> <./images/1-fc-mnist
/bn4/9/max/2.png> <./images/1-fc-mnist/bn4/226/min/2.png> <./images/1-fc-mnist/
bn4/226/min/1.png> <./images/1-fc-mnist/bn4/226/min/0.png> <./images/1-fc-mnist
/bn4/226/max/0.png> <./images/1-fc-mnist/bn4/226/max/1.png> <./images/1-fc-mnis
t/bn4/226/max/2.png> <./images/1-fc-mnist/bn3/210/min/2.png> <./images/1-fc-mni
st/bn3/210/min/1.png> <./images/1-fc-mnist/bn3/210/min/0.png> <./images/1-fc-mn
ist/bn3/210/max/0.png> <./images/1-fc-mnist/bn3/210/max/1.png> <./images/1-fc-m
nist/bn3/210/max/2.png>])
Package atveryend Info: Empty hook `BeforeClearDocument' on input line 244.
 [4324

]
Package atveryend Info: Empty hook `AfterLastShipout' on input line 244.
 (./milestone.aux)
Package atveryend Info: Executing hook `AtVeryEndDocument' on input line 244.
Package atveryend Info: Empty hook `AtEndAfterFileList' on input line 244.
Package atveryend Info: Empty hook `AtVeryVeryEnd' on input line 244.
 ) 
Here is how much of TeX's memory you used:
 8258 strings out of 493014
 126161 string characters out of 6133352
 216680 words of memory out of 5000000
 11602 multiletter control sequences out of 15000+600000
 28113 words of font info for 65 fonts, out of 8000000 for 9000
 1141 hyphenation exceptions out of 8191
 44i,9n,42p,831b,472s stack positions out of 5000i,500n,10000p,200000b,80000s
{/usr/local/texlive/2016/texmf-dist/fonts/enc/dvips/base/8r.enc}</usr/local/t
exlive/2016/texmf-dist/fonts/type1/public/amsfonts/cm/cmex10.pfb></usr/local/te
xlive/2016/texmf-dist/fonts/type1/public/amsfonts/cm/cmmi10.pfb></usr/local/tex
live/2016/texmf-dist/fonts/type1/public/amsfonts/cm/cmmi5.pfb></usr/local/texli
ve/2016/texmf-dist/fonts/type1/public/amsfonts/cm/cmmi7.pfb></usr/local/texlive
/2016/texmf-dist/fonts/type1/public/amsfonts/cm/cmr10.pfb></usr/local/texlive/2
016/texmf-dist/fonts/type1/public/amsfonts/cm/cmr7.pfb></usr/local/texlive/2016
/texmf-dist/fonts/type1/public/amsfonts/cm/cmsy10.pfb></usr/local/texlive/2016/
texmf-dist/fonts/type1/public/amsfonts/cm/cmsy5.pfb></usr/local/texlive/2016/te
xmf-dist/fonts/type1/public/amsfonts/cm/cmsy7.pfb></usr/local/texlive/2016/texm
f-dist/fonts/type1/urw/courier/ucrr8a.pfb></usr/local/texlive/2016/texmf-dist/f
onts/type1/urw/times/utmb8a.pfb></usr/local/texlive/2016/texmf-dist/fonts/type1
/urw/times/utmr8a.pfb></usr/local/texlive/2016/texmf-dist/fonts/type1/urw/times
/utmri8a.pfb>
Output written on milestone.pdf (4 pages, 805946 bytes).
PDF statistics:
 213 PDF objects out of 1000 (max. 8388607)
 136 compressed objects within 2 object streams
 58 named destinations out of 1000 (max. 500000)
 141 words of extra memory for PDF output out of 10000 (max. 10000000)

